# JRE version: Java(TM) SE Runtime Environment 18.9 (11.0.8+10) (build 11.0.8+10-LTS)
# Java VM: Java HotSpot(TM) 64-Bit Server VM 18.9 (11.0.8+10-LTS, mixed mode, tiered, compressed oops, g1 gc, windows-amd64)
Heap:
 garbage-first heap   total 157696K, used 8997K [0x0000000081400000, 0x0000000100000000)
  region size 1024K, 3 young (3072K), 3 survivors (3072K)
 Metaspace       used 23116K, capacity 23648K, committed 23808K, reserved 1071104K
  class space    used 2582K, capacity 2778K, committed 2816K, reserved 1048576K
GC Heap History (9 events):
Event: 0.575 GC heap before
{Heap before GC invocations=0 (full 0):
 garbage-first heap   total 131072K, used 14336K [0x0000000081400000, 0x0000000100000000)
  region size 1024K, 14 young (14336K), 0 survivors (0K)
 Metaspace       used 8966K, capacity 9084K, committed 9344K, reserved 1058816K
  class space    used 800K, capacity 836K, committed 896K, reserved 1048576K
}
Event: 0.580 GC heap after
{Heap after GC invocations=1 (full 0):
 garbage-first heap   total 131072K, used 5937K [0x0000000081400000, 0x0000000100000000)
  region size 1024K, 2 young (2048K), 2 survivors (2048K)
 Metaspace       used 8966K, capacity 9084K, committed 9344K, reserved 1058816K
  class space    used 800K, capacity 836K, committed 896K, reserved 1048576K
}
Event: 0.758 GC heap before
{Heap before GC invocations=1 (full 0):
 garbage-first heap   total 131072K, used 12081K [0x0000000081400000, 0x0000000100000000)
  region size 1024K, 8 young (8192K), 2 survivors (2048K)
 Metaspace       used 11230K, capacity 11381K, committed 11648K, reserved 1060864K
  class space    used 1089K, capacity 1137K, committed 1152K, reserved 1048576K
}
Event: 0.761 GC heap after
{Heap after GC invocations=2 (full 0):
 garbage-first heap   total 131072K, used 6406K [0x0000000081400000, 0x0000000100000000)
  region size 1024K, 1 young (1024K), 1 survivors (1024K)
 Metaspace       used 11230K, capacity 11381K, committed 11648K, reserved 1060864K
  class space    used 1089K, capacity 1137K, committed 1152K, reserved 1048576K
}
Event: 1.273 GC heap before
{Heap before GC invocations=2 (full 0):
 garbage-first heap   total 131072K, used 30982K [0x0000000081400000, 0x0000000100000000)
  region size 1024K, 25 young (25600K), 1 survivors (1024K)
 Metaspace       used 17031K, capacity 17468K, committed 17664K, reserved 1064960K
  class space    used 1824K, capacity 1970K, committed 2048K, reserved 1048576K
}
Event: 1.277 GC heap after
{Heap after GC invocations=3 (full 0):
 garbage-first heap   total 131072K, used 7760K [0x0000000081400000, 0x0000000100000000)
  region size 1024K, 2 young (2048K), 2 survivors (2048K)
 Metaspace       used 17031K, capacity 17468K, committed 17664K, reserved 1064960K
  class space    used 1824K, capacity 1970K, committed 2048K, reserved 1048576K
}
Event: 1.546 GC heap before
{Heap before GC invocations=3 (full 0):
 garbage-first heap   total 131072K, used 26192K [0x0000000081400000, 0x0000000100000000)
  region size 1024K, 21 young (21504K), 2 survivors (2048K)
 Metaspace       used 20771K, capacity 21191K, committed 21296K, reserved 1069056K
  class space    used 2266K, capacity 2422K, committed 2432K, reserved 1048576K
}
Event: 1.550 GC heap after
{Heap after GC invocations=4 (full 0):
 garbage-first heap   total 131072K, used 8307K [0x0000000081400000, 0x0000000100000000)
  region size 1024K, 3 young (3072K), 3 survivors (3072K)
 Metaspace       used 20771K, capacity 21191K, committed 21296K, reserved 1069056K
  class space    used 2266K, capacity 2422K, committed 2432K, reserved 1048576K
}
Event: 1.818 GC heap before
{Heap before GC invocations=5 (full 0):
 garbage-first heap   total 131072K, used 53363K [0x0000000081400000, 0x0000000100000000)
  region size 1024K, 48 young (49152K), 3 survivors (3072K)
 Metaspace       used 23116K, capacity 23648K, committed 23808K, reserved 1071104K
  class space    used 2582K, capacity 2778K, committed 2816K, reserved 1048576K
}

